# JRE version: OpenJDK Runtime Environment (11.0.15) (build 11.0.15+0-b2043.56-9505619)
# Java VM: OpenJDK 64-Bit Server VM (11.0.15+0-b2043.56-9505619, mixed mode, tiered, compressed oops, g1 gc, windows-amd64)
Heap:
 garbage-first heap   total 260096K, used 150297K [0x0000000080000000, 0x0000000100000000)
  region size 1024K, 127 young (130048K), 14 survivors (14336K)
 Metaspace       used 49791K, capacity 51198K, committed 51356K, reserved 1093632K
  class space    used 6324K, capacity 6855K, committed 6936K, reserved 1048576K
GC Heap History (10 events):
Event: 0.735 GC heap before
{Heap before GC invocations=0 (full 0):
 garbage-first heap   total 260096K, used 29696K [0x0000000080000000, 0x0000000100000000)
  region size 1024K, 24 young (24576K), 0 survivors (0K)
 Metaspace       used 9760K, capacity 9956K, committed 10112K, reserved 1058816K
  class space    used 996K, capacity 1069K, committed 1152K, reserved 1048576K
}
Event: 0.740 GC heap after
{Heap after GC invocations=1 (full 0):
 garbage-first heap   total 260096K, used 8990K [0x0000000080000000, 0x0000000100000000)
  region size 1024K, 3 young (3072K), 3 survivors (3072K)
 Metaspace       used 9760K, capacity 9956K, committed 10112K, reserved 1058816K
  class space    used 996K, capacity 1069K, committed 1152K, reserved 1048576K
}
Event: 2.803 GC heap before
{Heap before GC invocations=1 (full 0):
 garbage-first heap   total 260096K, used 107294K [0x0000000080000000, 0x0000000100000000)
  region size 1024K, 100 young (102400K), 3 survivors (3072K)
 Metaspace       used 20775K, capacity 21187K, committed 21296K, reserved 1069056K
  class space    used 2523K, capacity 2685K, committed 2688K, reserved 1048576K
}
Event: 2.812 GC heap after
{Heap after GC invocations=2 (full 0):
 garbage-first heap   total 260096K, used 16794K [0x0000000080000000, 0x0000000100000000)
  region size 1024K, 11 young (11264K), 11 survivors (11264K)
 Metaspace       used 20775K, capacity 21187K, committed 21296K, reserved 1069056K
  class space    used 2523K, capacity 2685K, committed 2688K, reserved 1048576K
}
Event: 3.950 GC heap before
{Heap before GC invocations=3 (full 0):
 garbage-first heap   total 260096K, used 85402K [0x0000000080000000, 0x0000000100000000)
  region size 1024K, 79 young (80896K), 11 survivors (11264K)
 Metaspace       used 27780K, capacity 28433K, committed 28668K, reserved 1075200K
  class space    used 3638K, capacity 3881K, committed 3916K, reserved 1048576K
}
Event: 3.961 GC heap after
{Heap after GC invocations=4 (full 0):
 garbage-first heap   total 260096K, used 19361K [0x0000000080000000, 0x0000000100000000)
  region size 1024K, 3 young (3072K), 3 survivors (3072K)
 Metaspace       used 27780K, capacity 28433K, committed 28668K, reserved 1075200K
  class space    used 3638K, capacity 3881K, committed 3916K, reserved 1048576K
}
Event: 4.718 GC heap before
{Heap before GC invocations=4 (full 0):
 garbage-first heap   total 260096K, used 70561K [0x0000000080000000, 0x0000000100000000)
  region size 1024K, 54 young (55296K), 3 survivors (3072K)
 Metaspace       used 35074K, capacity 35953K, committed 36048K, reserved 1081344K
  class space    used 4566K, capacity 4921K, committed 4940K, reserved 1048576K
}
Event: 4.727 GC heap after
{Heap after GC invocations=5 (full 0):
 garbage-first heap   total 260096K, used 21976K [0x0000000080000000, 0x0000000100000000)
  region size 1024K, 6 young (6144K), 6 survivors (6144K)
 Metaspace       used 35074K, capacity 35953K, committed 36048K, reserved 1081344K
  class space    used 4566K, capacity 4921K, committed 4940K, reserved 1048576K
}
Event: 6.406 GC heap before
{Heap before GC invocations=6 (full 0):
 garbage-first heap   total 260096K, used 135640K [0x0000000080000000, 0x0000000100000000)
  region size 1024K, 114 young (116736K), 6 survivors (6144K)
 Metaspace       used 44955K, capacity 46082K, committed 46236K, reserved 1089536K
  class space    used 5681K, capacity 6082K, committed 6168K, reserved 1048576K
}
Event: 6.428 GC heap after
{Heap after GC invocations=7 (full 0):
 garbage-first heap   total 260096K, used 30489K [0x0000000080000000, 0x0000000100000000)
  region size 1024K, 14 young (14336K), 14 survivors (14336K)
 Metaspace       used 44955K, capacity 46082K, committed 46236K, reserved 1089536K
  class space    used 5681K, capacity 6082K, committed 6168K, reserved 1048576K
}

